{"/home/id.app/Repos/github/challenges/typescript/src/codewars/squaresum.ts": {"path":"/home/id.app/Repos/github/challenges/typescript/src/codewars/squaresum.ts","statementMap":{"0":{"start":{"line":2,"column":4},"end":{"line":2,"column":57}},"1":{"start":{"line":2,"column":39},"end":{"line":2,"column":52}},"2":{"start":{"line":1,"column":0},"end":{"line":1,"column":16}}},"fnMap":{"0":{"name":"squareSum","decl":{"start":{"line":1,"column":16},"end":{"line":1,"column":25}},"loc":{"start":{"line":1,"column":43},"end":{"line":3,"column":1}}},"1":{"name":"(anonymous_1)","decl":{"start":{"line":2,"column":26},"end":{"line":2,"column":27}},"loc":{"start":{"line":2,"column":39},"end":{"line":2,"column":52}}}},"branchMap":{},"s":{"0":3,"1":6,"2":1},"f":{"0":3,"1":6},"b":{}}
,"/home/id.app/Repos/github/challenges/typescript/src/leetcode/2235.ts": {"path":"/home/id.app/Repos/github/challenges/typescript/src/leetcode/2235.ts","statementMap":{"0":{"start":{"line":2,"column":2},"end":{"line":2,"column":21}},"1":{"start":{"line":5,"column":0},"end":{"line":5,"column":null}}},"fnMap":{"0":{"name":"sum","decl":{"start":{"line":1,"column":9},"end":{"line":1,"column":12}},"loc":{"start":{"line":1,"column":39},"end":{"line":3,"column":1}}}},"branchMap":{},"s":{"0":0,"1":0},"f":{"0":0},"b":{}}
,"/home/id.app/Repos/github/challenges/typescript/src/leetcode/2236.ts": {"path":"/home/id.app/Repos/github/challenges/typescript/src/leetcode/2236.ts","statementMap":{"0":{"start":{"line":2,"column":0},"end":{"line":2,"column":50}},"1":{"start":{"line":18,"column":2},"end":{"line":20,"column":4}},"2":{"start":{"line":19,"column":4},"end":{"line":19,"column":16}},"3":{"start":{"line":22,"column":21},"end":{"line":31,"column":3}},"4":{"start":{"line":23,"column":6},"end":{"line":25,"column":6}},"5":{"start":{"line":24,"column":6},"end":{"line":24,"column":15}},"6":{"start":{"line":27,"column":20},"end":{"line":27,"column":41}},"7":{"start":{"line":28,"column":21},"end":{"line":28,"column":43}},"8":{"start":{"line":30,"column":4},"end":{"line":30,"column":41}},"9":{"start":{"line":41,"column":2},"end":{"line":41,"column":69}},"10":{"start":{"line":64,"column":15},"end":{"line":64,"column":27}},"11":{"start":{"line":65,"column":21},"end":{"line":65,"column":64}},"12":{"start":{"line":66,"column":0},"end":{"line":66,"column":null}},"13":{"start":{"line":68,"column":22},"end":{"line":68,"column":50}},"14":{"start":{"line":69,"column":0},"end":{"line":69,"column":null}}},"fnMap":{"0":{"name":"checkTree","decl":{"start":{"line":17,"column":9},"end":{"line":17,"column":18}},"loc":{"start":{"line":17,"column":63},"end":{"line":43,"column":1}}},"1":{"name":"(anonymous_1)","decl":{"start":{"line":22,"column":21},"end":{"line":22,"column":22}},"loc":{"start":{"line":22,"column":60},"end":{"line":31,"column":3}}}},"branchMap":{"0":{"loc":{"start":{"line":18,"column":2},"end":{"line":20,"column":4}},"type":"if","locations":[{"start":{"line":18,"column":2},"end":{"line":20,"column":4}}]},"1":{"loc":{"start":{"line":23,"column":6},"end":{"line":25,"column":6}},"type":"if","locations":[{"start":{"line":23,"column":6},"end":{"line":25,"column":6}}]}},"s":{"0":0,"1":0,"2":0,"3":0,"4":0,"5":0,"6":0,"7":0,"8":0,"9":0,"10":0,"11":0,"12":0,"13":0,"14":0},"f":{"0":0,"1":0},"b":{"0":[0],"1":[0]}}
,"/home/id.app/Repos/github/challenges/typescript/src/leetcode/OneLevelBinaryTree.ts": {"path":"/home/id.app/Repos/github/challenges/typescript/src/leetcode/OneLevelBinaryTree.ts","statementMap":{"0":{"start":{"line":7,"column":4},"end":{"line":7,"column":21}},"1":{"start":{"line":8,"column":4},"end":{"line":8,"column":21}},"2":{"start":{"line":9,"column":4},"end":{"line":9,"column":23}},"3":{"start":{"line":13,"column":4},"end":{"line":15,"column":6}},"4":{"start":{"line":14,"column":6},"end":{"line":14,"column":19}},"5":{"start":{"line":17,"column":4},"end":{"line":17,"column":48}},"6":{"start":{"line":22,"column":17},"end":{"line":22,"column":49}},"7":{"start":{"line":23,"column":22},"end":{"line":23,"column":42}},"8":{"start":{"line":24,"column":0},"end":{"line":24,"column":null}}},"fnMap":{"0":{"name":"(anonymous_0)","decl":{"start":{"line":6,"column":2},"end":{"line":6,"column":14}},"loc":{"start":{"line":6,"column":54},"end":{"line":10,"column":3}}},"1":{"name":"(anonymous_1)","decl":{"start":{"line":12,"column":2},"end":{"line":12,"column":11}},"loc":{"start":{"line":12,"column":11},"end":{"line":18,"column":3}}}},"branchMap":{"0":{"loc":{"start":{"line":13,"column":4},"end":{"line":15,"column":6}},"type":"if","locations":[{"start":{"line":13,"column":4},"end":{"line":15,"column":6}}]},"1":{"loc":{"start":{"line":13,"column":8},"end":{"line":13,"column":49}},"type":"binary-expr","locations":[{"start":{"line":13,"column":8},"end":{"line":13,"column":26}},{"start":{"line":13,"column":30},"end":{"line":13,"column":49}}]}},"s":{"0":0,"1":0,"2":0,"3":0,"4":0,"5":0,"6":0,"7":0,"8":0},"f":{"0":0,"1":0},"b":{"0":[0],"1":[0,0]}}
,"/home/id.app/Repos/github/challenges/typescript/src/leetcode/TreeNode.ts": {"path":"/home/id.app/Repos/github/challenges/typescript/src/leetcode/TreeNode.ts","statementMap":{"0":{"start":{"line":7,"column":4},"end":{"line":11,"column":6}},"1":{"start":{"line":3,"column":0},"end":{"line":3,"column":13}}},"fnMap":{"0":{"name":"(anonymous_0)","decl":{"start":{"line":6,"column":2},"end":{"line":6,"column":14}},"loc":{"start":{"line":6,"column":91},"end":{"line":12,"column":3}}}},"branchMap":{"0":{"loc":{"start":{"line":6,"column":22},"end":{"line":6,"column":55}},"type":"default-arg","locations":[{"start":{"line":6,"column":51},"end":{"line":6,"column":55}}]},"1":{"loc":{"start":{"line":6,"column":57},"end":{"line":6,"column":91}},"type":"default-arg","locations":[{"start":{"line":6,"column":87},"end":{"line":6,"column":91}}]}},"s":{"0":0,"1":0},"f":{"0":0},"b":{"0":[0],"1":[0]}}
,"/home/id.app/Repos/github/challenges/typescript/src/leetcode/balancedtree.ts": {"path":"/home/id.app/Repos/github/challenges/typescript/src/leetcode/balancedtree.ts","statementMap":{"0":{"start":{"line":2,"column":0},"end":{"line":2,"column":38}},"1":{"start":{"line":8,"column":4},"end":{"line":8,"column":21}},"2":{"start":{"line":12,"column":23},"end":{"line":25,"column":5}},"3":{"start":{"line":13,"column":6},"end":{"line":15,"column":null}},"4":{"start":{"line":14,"column":8},"end":{"line":14,"column":20}},"5":{"start":{"line":17,"column":18},"end":{"line":17,"column":47}},"6":{"start":{"line":18,"column":34},"end":{"line":22,"column":8}},"7":{"start":{"line":24,"column":6},"end":{"line":24,"column":18}},"8":{"start":{"line":27,"column":17},"end":{"line":27,"column":49}},"9":{"start":{"line":28,"column":4},"end":{"line":28,"column":60}},"10":{"start":{"line":4,"column":0},"end":{"line":4,"column":13}}},"fnMap":{"0":{"name":"(anonymous_0)","decl":{"start":{"line":7,"column":2},"end":{"line":7,"column":14}},"loc":{"start":{"line":7,"column":40},"end":{"line":9,"column":3}}},"1":{"name":"(anonymous_1)","decl":{"start":{"line":11,"column":2},"end":{"line":11,"column":8}},"loc":{"start":{"line":11,"column":42},"end":{"line":29,"column":3}}},"2":{"name":"(anonymous_2)","decl":{"start":{"line":12,"column":23},"end":{"line":12,"column":24}},"loc":{"start":{"line":12,"column":76},"end":{"line":25,"column":5}}}},"branchMap":{"0":{"loc":{"start":{"line":13,"column":6},"end":{"line":15,"column":null}},"type":"if","locations":[{"start":{"line":13,"column":6},"end":{"line":15,"column":null}}]}},"s":{"0":0,"1":0,"2":0,"3":0,"4":0,"5":0,"6":0,"7":0,"8":0,"9":0,"10":0},"f":{"0":0,"1":0,"2":0},"b":{"0":[0]}}
}
