TN:
SF:src/codewars/squaresum.ts
FN:1,squareSum
FN:2,(anonymous_1)
FNF:2
FNH:2
FNDA:3,squareSum
FNDA:6,(anonymous_1)
DA:1,1
DA:2,6
LF:2
LH:2
BRF:0
BRH:0
end_of_record
TN:
SF:src/leetcode/2235.ts
FN:1,sum
FNF:1
FNH:0
FNDA:0,sum
DA:2,0
DA:5,0
LF:2
LH:0
BRF:0
BRH:0
end_of_record
TN:
SF:src/leetcode/2236.ts
FN:17,checkTree
FN:22,(anonymous_1)
FNF:2
FNH:0
FNDA:0,checkTree
FNDA:0,(anonymous_1)
DA:2,0
DA:18,0
DA:19,0
DA:22,0
DA:23,0
DA:24,0
DA:27,0
DA:28,0
DA:30,0
DA:41,0
DA:64,0
DA:65,0
DA:66,0
DA:68,0
DA:69,0
LF:15
LH:0
BRDA:18,0,0,0
BRDA:23,1,0,0
BRF:2
BRH:0
end_of_record
TN:
SF:src/leetcode/OneLevelBinaryTree.ts
FN:6,(anonymous_0)
FN:12,(anonymous_1)
FNF:2
FNH:0
FNDA:0,(anonymous_0)
FNDA:0,(anonymous_1)
DA:7,0
DA:8,0
DA:9,0
DA:13,0
DA:14,0
DA:17,0
DA:22,0
DA:23,0
DA:24,0
LF:9
LH:0
BRDA:13,0,0,0
BRDA:13,1,0,0
BRDA:13,1,1,0
BRF:3
BRH:0
end_of_record
TN:
SF:src/leetcode/TreeNode.ts
FN:6,(anonymous_0)
FNF:1
FNH:0
FNDA:0,(anonymous_0)
DA:3,0
DA:7,0
LF:2
LH:0
BRDA:6,0,0,0
BRDA:6,1,0,0
BRF:2
BRH:0
end_of_record
TN:
SF:src/leetcode/balancedtree.ts
FN:7,(anonymous_0)
FN:11,(anonymous_1)
FN:12,(anonymous_2)
FNF:3
FNH:0
FNDA:0,(anonymous_0)
FNDA:0,(anonymous_1)
FNDA:0,(anonymous_2)
DA:2,0
DA:4,0
DA:8,0
DA:12,0
DA:13,0
DA:14,0
DA:17,0
DA:18,0
DA:24,0
DA:27,0
DA:28,0
LF:11
LH:0
BRDA:13,0,0,0
BRF:1
BRH:0
end_of_record
